0 info it worked if it ends with ok
1 verbose cli [ '/usr/bin/node',
1 verbose cli   '/usr/bin/npm',
1 verbose cli   'install',
1 verbose cli   '-g',
1 verbose cli   'bower',
1 verbose cli   'cordova',
1 verbose cli   'ionic' ]
2 info using npm@1.4.28
3 info using node@v0.10.40
4 verbose node symlink /usr/bin/node
5 verbose cache add [ 'bower', null ]
6 verbose cache add name=undefined spec="bower" args=["bower",null]
7 verbose parsed url { protocol: null,
7 verbose parsed url   slashes: null,
7 verbose parsed url   auth: null,
7 verbose parsed url   host: null,
7 verbose parsed url   port: null,
7 verbose parsed url   hostname: null,
7 verbose parsed url   hash: null,
7 verbose parsed url   search: null,
7 verbose parsed url   query: null,
7 verbose parsed url   pathname: 'bower',
7 verbose parsed url   path: 'bower',
7 verbose parsed url   href: 'bower' }
8 verbose cache add [ 'cordova', null ]
9 verbose cache add name=undefined spec="cordova" args=["cordova",null]
10 verbose parsed url { protocol: null,
10 verbose parsed url   slashes: null,
10 verbose parsed url   auth: null,
10 verbose parsed url   host: null,
10 verbose parsed url   port: null,
10 verbose parsed url   hostname: null,
10 verbose parsed url   hash: null,
10 verbose parsed url   search: null,
10 verbose parsed url   query: null,
10 verbose parsed url   pathname: 'cordova',
10 verbose parsed url   path: 'cordova',
10 verbose parsed url   href: 'cordova' }
11 verbose cache add [ 'ionic', null ]
12 verbose cache add name=undefined spec="ionic" args=["ionic",null]
13 verbose parsed url { protocol: null,
13 verbose parsed url   slashes: null,
13 verbose parsed url   auth: null,
13 verbose parsed url   host: null,
13 verbose parsed url   port: null,
13 verbose parsed url   hostname: null,
13 verbose parsed url   hash: null,
13 verbose parsed url   search: null,
13 verbose parsed url   query: null,
13 verbose parsed url   pathname: 'ionic',
13 verbose parsed url   path: 'ionic',
13 verbose parsed url   href: 'ionic' }
14 silly lockFile 206e3ce5-bower bower
15 verbose lock bower /home/taha/.npm/206e3ce5-bower.lock
16 silly lockFile a98f2055-cordova cordova
17 verbose lock cordova /home/taha/.npm/a98f2055-cordova.lock
18 silly lockFile 00d10074-ionic ionic
19 verbose lock ionic /home/taha/.npm/00d10074-ionic.lock
20 silly lockFile 206e3ce5-bower bower
21 silly lockFile 206e3ce5-bower bower
22 silly lockFile a98f2055-cordova cordova
23 silly lockFile a98f2055-cordova cordova
24 silly lockFile 00d10074-ionic ionic
25 silly lockFile 00d10074-ionic ionic
26 verbose addNamed [ 'bower', '' ]
27 verbose addNamed [ null, '*' ]
28 silly lockFile 1240aab1-bower bower@
29 verbose lock bower@ /home/taha/.npm/1240aab1-bower.lock
30 verbose addNamed [ 'cordova', '' ]
31 verbose addNamed [ null, '*' ]
32 silly lockFile de8d9fad-cordova cordova@
33 verbose lock cordova@ /home/taha/.npm/de8d9fad-cordova.lock
34 verbose addNamed [ 'ionic', '' ]
35 verbose addNamed [ null, '*' ]
36 silly lockFile 966fc04a-ionic ionic@
37 verbose lock ionic@ /home/taha/.npm/966fc04a-ionic.lock
38 silly addNameRange { name: 'bower', range: '*', hasData: false }
39 silly addNameRange { name: 'cordova', range: '*', hasData: false }
40 silly addNameRange { name: 'ionic', range: '*', hasData: false }
41 verbose request where is /bower
42 verbose request registry https://registry.npmjs.org/
43 verbose request id 270900601e647d2a
44 verbose url raw /bower
45 verbose url resolving [ 'https://registry.npmjs.org/', './bower' ]
46 verbose url resolved https://registry.npmjs.org/bower
47 verbose request where is https://registry.npmjs.org/bower
48 info trying registry request attempt 1 at 13:26:16
49 http GET https://registry.npmjs.org/bower
50 verbose request where is /cordova
51 verbose request registry https://registry.npmjs.org/
52 verbose url raw /cordova
53 verbose url resolving [ 'https://registry.npmjs.org/', './cordova' ]
54 verbose url resolved https://registry.npmjs.org/cordova
55 verbose request where is https://registry.npmjs.org/cordova
56 info trying registry request attempt 1 at 13:26:16
57 http GET https://registry.npmjs.org/cordova
58 verbose request where is /ionic
59 verbose request registry https://registry.npmjs.org/
60 verbose url raw /ionic
61 verbose url resolving [ 'https://registry.npmjs.org/', './ionic' ]
62 verbose url resolved https://registry.npmjs.org/ionic
63 verbose request where is https://registry.npmjs.org/ionic
64 info trying registry request attempt 1 at 13:26:16
65 http GET https://registry.npmjs.org/ionic
66 http 200 https://registry.npmjs.org/bower
67 silly registry.get cb [ 200,
67 silly registry.get   { server: 'CouchDB/1.5.0 (Erlang OTP/R16B03)',
67 silly registry.get     etag: '"DTIM2MKU3VQE5YTOR0J00S3ZU"',
67 silly registry.get     'content-type': 'application/json',
67 silly registry.get     'cache-control': 'max-age=60',
67 silly registry.get     'content-length': '120067',
67 silly registry.get     'accept-ranges': 'bytes',
67 silly registry.get     date: 'Fri, 28 Aug 2015 10:26:16 GMT',
67 silly registry.get     via: '1.1 varnish',
67 silly registry.get     age: '39',
67 silly registry.get     connection: 'keep-alive',
67 silly registry.get     'x-served-by': 'cache-ams4129-AMS',
67 silly registry.get     'x-cache': 'HIT',
67 silly registry.get     'x-cache-hits': '5',
67 silly registry.get     'x-timer': 'S1440757576.619426,VS0,VE0',
67 silly registry.get     vary: 'Accept' } ]
68 silly addNameRange number 2 { name: 'bower', range: '*', hasData: true }
69 silly addNameRange versions [ 'bower',
69 silly addNameRange   [ '0.1.0',
69 silly addNameRange     '0.1.2',
69 silly addNameRange     '0.1.3',
69 silly addNameRange     '0.2.0',
69 silly addNameRange     '0.3.0',
69 silly addNameRange     '0.3.1',
69 silly addNameRange     '0.3.2',
69 silly addNameRange     '0.4.0',
69 silly addNameRange     '0.5.0',
69 silly addNameRange     '0.5.1',
69 silly addNameRange     '0.6.0',
69 silly addNameRange     '0.6.1',
69 silly addNameRange     '0.6.2',
69 silly addNameRange     '0.6.3',
69 silly addNameRange     '0.6.4',
69 silly addNameRange     '0.6.5',
69 silly addNameRange     '0.6.6',
69 silly addNameRange     '0.6.7',
69 silly addNameRange     '0.6.8',
69 silly addNameRange     '0.7.0',
69 silly addNameRange     '0.7.1',
69 silly addNameRange     '0.8.0',
69 silly addNameRange     '0.8.1',
69 silly addNameRange     '0.8.2',
69 silly addNameRange     '0.8.3',
69 silly addNameRange     '0.8.4',
69 silly addNameRange     '0.8.5',
69 silly addNameRange     '0.8.6',
69 silly addNameRange     '0.9.0',
69 silly addNameRange     '0.9.1',
69 silly addNameRange     '0.9.2',
69 silly addNameRange     '0.10.0',
69 silly addNameRange     '1.0.0',
69 silly addNameRange     '1.0.1',
69 silly addNameRange     '1.0.2',
69 silly addNameRange     '1.0.3',
69 silly addNameRange     '1.1.0',
69 silly addNameRange     '1.1.1',
69 silly addNameRange     '1.1.2',
69 silly addNameRange     '1.2.0',
69 silly addNameRange     '1.2.1',
69 silly addNameRange     '1.2.2',
69 silly addNameRange     '1.2.3',
69 silly addNameRange     '1.2.4',
69 silly addNameRange     '1.2.5',
69 silly addNameRange     '1.2.6',
69 silly addNameRange     '1.2.7',
69 silly addNameRange     '1.2.8',
69 silly addNameRange     '1.3.0',
69 silly addNameRange     '1.3.1',
69 silly addNameRange     '1.3.2',
69 silly addNameRange     '1.3.3',
69 silly addNameRange     '1.3.4',
69 silly addNameRange     '1.3.5',
69 silly addNameRange     '1.3.6',
69 silly addNameRange     '1.3.7',
69 silly addNameRange     '1.3.8',
69 silly addNameRange     '1.3.9',
69 silly addNameRange     '1.3.10',
69 silly addNameRange     '1.3.11',
69 silly addNameRange     '1.3.12',
69 silly addNameRange     '1.4.0',
69 silly addNameRange     '1.4.1',
69 silly addNameRange     '1.5.0',
69 silly addNameRange     '1.5.1',
69 silly addNameRange     '1.5.2' ] ]
70 verbose addNamed [ 'bower', '1.5.2' ]
71 verbose addNamed [ '1.5.2', '1.5.2' ]
72 silly lockFile ee94e6b7-bower-1-5-2 bower@1.5.2
73 verbose lock bower@1.5.2 /home/taha/.npm/ee94e6b7-bower-1-5-2.lock
74 silly lockFile 60c89777--npmjs-org-bower-bower-1-5-2-tgz https://registry.npmjs.org/bower/-/bower-1.5.2.tgz
75 verbose lock https://registry.npmjs.org/bower/-/bower-1.5.2.tgz /home/taha/.npm/60c89777--npmjs-org-bower-bower-1-5-2-tgz.lock
76 verbose addRemoteTarball [ 'https://registry.npmjs.org/bower/-/bower-1.5.2.tgz',
76 verbose addRemoteTarball   'be291d6c36f1740779abff1c61aca5633e265327' ]
77 info retry fetch attempt 1 at 13:26:16
78 verbose fetch to= /tmp/npm-31814-mtbJcyVN/registry.npmjs.org/bower/-/bower-1.5.2.tgz
79 http GET https://registry.npmjs.org/bower/-/bower-1.5.2.tgz
80 http 200 https://registry.npmjs.org/ionic
81 silly registry.get cb [ 200,
81 silly registry.get   { server: 'CouchDB/1.5.0 (Erlang OTP/R16B03)',
81 silly registry.get     etag: '"CZVARDLZT3L7QE80PALZO76D0"',
81 silly registry.get     'content-type': 'application/json',
81 silly registry.get     'cache-control': 'max-age=60',
81 silly registry.get     'content-length': '468216',
81 silly registry.get     'accept-ranges': 'bytes',
81 silly registry.get     date: 'Fri, 28 Aug 2015 10:26:16 GMT',
81 silly registry.get     via: '1.1 varnish',
81 silly registry.get     age: '13',
81 silly registry.get     connection: 'keep-alive',
81 silly registry.get     'x-served-by': 'cache-ams4123-AMS',
81 silly registry.get     'x-cache': 'HIT',
81 silly registry.get     'x-cache-hits': '1',
81 silly registry.get     'x-timer': 'S1440757576.630486,VS0,VE4',
81 silly registry.get     vary: 'Accept' } ]
82 silly addNameRange number 2 { name: 'ionic', range: '*', hasData: true }
83 silly addNameRange versions [ 'ionic',
83 silly addNameRange   [ '0.9.6',
83 silly addNameRange     '0.9.8',
83 silly addNameRange     '0.9.9',
83 silly addNameRange     '0.9.10',
83 silly addNameRange     '0.9.11',
83 silly addNameRange     '0.9.12',
83 silly addNameRange     '0.9.13',
83 silly addNameRange     '0.9.14',
83 silly addNameRange     '0.9.15',
83 silly addNameRange     '0.9.16',
83 silly addNameRange     '1.0.0-beta.1',
83 silly addNameRange     '1.0.0-beta',
83 silly addNameRange     '1.0.1-beta',
83 silly addNameRange     '1.0.3-beta',
83 silly addNameRange     '1.0.4',
83 silly addNameRange     '1.0.5',
83 silly addNameRange     '1.0.6',
83 silly addNameRange     '1.0.7',
83 silly addNameRange     '1.0.8',
83 silly addNameRange     '1.0.9',
83 silly addNameRange     '1.0.10',
83 silly addNameRange     '1.0.11',
83 silly addNameRange     '1.0.12',
83 silly addNameRange     '1.0.13',
83 silly addNameRange     '1.0.14',
83 silly addNameRange     '1.0.15',
83 silly addNameRange     '1.0.16',
83 silly addNameRange     '1.0.17',
83 silly addNameRange     '1.1.0-beta1',
83 silly addNameRange     '1.1.0-beta2',
83 silly addNameRange     '1.1.0-beta3',
83 silly addNameRange     '1.1.0-beta4',
83 silly addNameRange     '1.1.0-beta5',
83 silly addNameRange     '1.1.0-beta6',
83 silly addNameRange     '1.1.0',
83 silly addNameRange     '1.1.1-beta1',
83 silly addNameRange     '1.1.1-beta2',
83 silly addNameRange     '1.1.1-beta3',
83 silly addNameRange     '1.1.1',
83 silly addNameRange     '1.1.3',
83 silly addNameRange     '1.1.4',
83 silly addNameRange     '1.1.5-beta1',
83 silly addNameRange     '1.1.5-beta2',
83 silly addNameRange     '1.1.5-beta3',
83 silly addNameRange     '1.1.5-beta4',
83 silly addNameRange     '1.1.5-beta5',
83 silly addNameRange     '1.1.5',
83 silly addNameRange     '1.1.6',
83 silly addNameRange     '1.1.7-beta1',
83 silly addNameRange     '1.1.7',
83 silly addNameRange     '1.1.8-beta1',
83 silly addNameRange     '1.1.8-beta2',
83 silly addNameRange     '1.1.8-beta3',
83 silly addNameRange     '1.1.8-beta4',
83 silly addNameRange     '1.1.8-beta5',
83 silly addNameRange     '1.1.8',
83 silly addNameRange     '1.1.9-beta1',
83 silly addNameRange     '1.1.9',
83 silly addNameRange     '1.1.10',
83 silly addNameRange     '1.1.11-beta1',
83 silly addNameRange     '1.1.11-beta2',
83 silly addNameRange     '1.1.11',
83 silly addNameRange     '1.1.12-beta1',
83 silly addNameRange     '1.1.12-beta2',
83 silly addNameRange     '1.1.12-beta3',
83 silly addNameRange     '1.1.12',
83 silly addNameRange     '1.1.13',
83 silly addNameRange     '1.1.14-beta1',
83 silly addNameRange     '1.1.14-beta2',
83 silly addNameRange     '1.1.14-beta3',
83 silly addNameRange     '1.2.0-beta1',
83 silly addNameRange     '1.2.0',
83 silly addNameRange     '1.2.1-beta1',
83 silly addNameRange     '1.2.1-beta2',
83 silly addNameRange     '1.2.1-beta3',
83 silly addNameRange     '1.2.1-beta4',
83 silly addNameRange     '1.2.1',
83 silly addNameRange     '1.2.2',
83 silly addNameRange     '1.2.3-beta1',
83 silly addNameRange     '1.2.3-beta2',
83 silly addNameRange     '1.2.3-beta3',
83 silly addNameRange     '1.2.3',
83 silly addNameRange     '1.2.4-beta1',
83 silly addNameRange     '1.2.4-beta2',
83 silly addNameRange     '1.2.4-beta3',
83 silly addNameRange     '1.2.4',
83 silly addNameRange     '1.2.5-beta1',
83 silly addNameRange     '1.2.5-beta2',
83 silly addNameRange     '1.2.5-beta3',
83 silly addNameRange     '1.2.5',
83 silly addNameRange     '1.2.6-beta1',
83 silly addNameRange     '1.2.6-beta2',
83 silly addNameRange     '1.2.6-beta3',
83 silly addNameRange     '1.2.6',
83 silly addNameRange     '1.2.7',
83 silly addNameRange     '1.2.8-beta1',
83 silly addNameRange     '1.2.8-beta2',
83 silly addNameRange     '1.2.8',
83 silly addNameRange     '1.2.9',
83 silly addNameRange     '1.2.10',
83 silly addNameRange     '1.2.11',
83 silly addNameRange     '1.2.12',
83 silly addNameRange     '1.2.13',
83 silly addNameRange     '1.2.14-beta1',
83 silly addNameRange     '1.2.14-beta2',
83 silly addNameRange     '1.2.14-beta3',
83 silly addNameRange     '1.2.14-beta4',
83 silly addNameRange     '1.2.14-beta5',
83 silly addNameRange     '1.2.14-beta6',
83 silly addNameRange     '1.2.14',
83 silly addNameRange     '1.3.0-beta1',
83 silly addNameRange     '1.3.0',
83 silly addNameRange     '1.3.1',
83 silly addNameRange     '1.3.2',
83 silly addNameRange     '1.3.3',
83 silly addNameRange     '1.3.4',
83 silly addNameRange     '1.3.5',
83 silly addNameRange     '1.3.6',
83 silly addNameRange     '1.3.7',
83 silly addNameRange     '1.3.8',
83 silly addNameRange     '1.3.9',
83 silly addNameRange     '1.3.10',
83 silly addNameRange     '1.4.0-alpha.1',
83 silly addNameRange     '1.3.11',
83 silly addNameRange     '1.3.1-1.alpha.0',
83 silly addNameRange     '1.4.0-alpha.2',
83 silly addNameRange     '1.3.12',
83 silly addNameRange     '1.3.12-beta.1',
83 silly addNameRange     '1.3.12-beta.2',
83 silly addNameRange     '1.3.13-beta.0',
83 silly addNameRange     '1.3.1-3.beta.1',
83 silly addNameRange     '1.3.1-3.beta.2',
83 silly addNameRange     '1.3.13',
83 silly addNameRange     '1.3.1-3.beta.4',
83 silly addNameRange     '1.3.14-beta',
83 silly addNameRange     '1.3.14-beta.1',
83 silly addNameRange     '1.4.0-alpha.3',
83 silly addNameRange     '1.3.14',
83 silly addNameRange     '1.4.0-alpha.4',
83 silly addNameRange     '1.4.0-alpha.5',
83 silly addNameRange     '1.3.15-beta.0',
83 silly addNameRange     '1.3.15-beta.1',
83 silly addNameRange     '1.3.15-beta.2',
83 silly addNameRange     '1.3.15-beta.3',
83 silly addNameRange     '1.3.15-beta.4',
83 silly addNameRange     '1.3.15',
83 silly addNameRange     '1.3.16',
83 silly addNameRange     '1.4.0-alpha.6',
83 silly addNameRange     '1.3.17-beta.0',
83 silly addNameRange     '1.3.17-beta.1',
83 silly addNameRange     '1.3.17-beta.2',
83 silly addNameRange     '1.3.17-beta.3',
83 silly addNameRange     '1.3.1-7.beta.4',
83 silly addNameRange     '1.3.17',
83 silly addNameRange     '1.3.18-beta.0',
83 silly addNameRange     '1.3.18-beta.1',
83 silly addNameRange     '1.3.18-beta.2',
83 silly addNameRange     '1.3.18-beta.3',
83 silly addNameRange     '1.3.18',
83 silly addNameRange     '1.3.19-beta.0',
83 silly addNameRange     '1.3.19-beta.1',
83 silly addNameRange     '1.3.19-beta.2',
83 silly addNameRange     '1.3.19-beta.3',
83 silly addNameRange     '1.3.19-beta.4',
83 silly addNameRange     '1.3.19',
83 silly addNameRange     '1.3.20',
83 silly addNameRange     '1.4.1-beta.0',
83 silly addNameRange     '1.4.0-beta.1',
83 silly addNameRange     '1.4.0-beta.2',
83 silly addNameRange     '1.4.0-beta.3',
83 silly addNameRange     '1.4.0-beta.5',
83 silly addNameRange     '1.4.0-beta.6',
83 silly addNameRange     '1.4.0-beta.7',
83 silly addNameRange     '1.3.21-beta.0',
83 silly addNameRange     '1.3.21-beta.1',
83 silly addNameRange     '1.3.21',
83 silly addNameRange     '1.3.22',
83 silly addNameRange     '1.4.0-beta.8',
83 silly addNameRange     '1.4.0-beta.9',
83 silly addNameRange     '1.4.0-beta.10',
83 silly addNameRange     '1.4.0-beta.11',
83 silly addNameRange     '1.4.0-beta.12',
83 silly addNameRange     '1.4.0-beta.13',
83 silly addNameRange     '1.4.0-beta.14',
83 silly addNameRange     '1.4.0-beta.15',
83 silly addNameRange     '1.4.0-beta.16',
83 silly addNameRange     '1.4.0-beta.17',
83 silly addNameRange     '1.4.0-beta.18',
83 silly addNameRange     '1.4.0',
83 silly addNameRange     '1.4.1',
83 silly addNameRange     '1.4.2',
83 silly addNameRange     '1.4.3',
83 silly addNameRange     '1.4.4-beta.0',
83 silly addNameRange     '1.4.4-beta.2',
83 silly addNameRange     '1.4.4',
83 silly addNameRange     '1.4.5-beta.0',
83 silly addNameRange     '1.4.5-beta.1',
83 silly addNameRange     '1.4.5-beta.2',
83 silly addNameRange     '1.4.5-beta.3',
83 silly addNameRange     '1.4.5',
83 silly addNameRange     '1.4.6-beta.0',
83 silly addNameRange     '1.4.6',
83 silly addNameRange     '1.4.7',
83 silly addNameRange     '1.4.8',
83 silly addNameRange     '1.5.0-beta.0',
83 silly addNameRange     '1.5.0-beta.1',
83 silly addNameRange     '1.5.0',
83 silly addNameRange     '1.5.1-beta.0',
83 silly addNameRange     '1.5.1-beta.1',
83 silly addNameRange     '1.5.1-beta.2',
83 silly addNameRange     '1.5.1-beta.3',
83 silly addNameRange     '1.5.1-beta.4',
83 silly addNameRange     '1.5.1',
83 silly addNameRange     '1.5.2',
83 silly addNameRange     '1.5.3',
83 silly addNameRange     '1.5.4',
83 silly addNameRange     '1.5.5',
83 silly addNameRange     '1.6.0-beta.1',
83 silly addNameRange     '1.6.0',
83 silly addNameRange     '1.6.1',
83 silly addNameRange     '1.6.2-beta.0',
83 silly addNameRange     '1.6.2-beta.1',
83 silly addNameRange     '1.6.2-beta.2',
83 silly addNameRange     '1.6.2',
83 silly addNameRange     '1.6.3-beta.0',
83 silly addNameRange     '1.6.3-beta.1',
83 silly addNameRange     '1.6.3',
83 silly addNameRange     '1.6.4-beta.0',
83 silly addNameRange     '1.6.4-beta.1',
83 silly addNameRange     '1.6.4' ] ]
84 verbose addNamed [ 'ionic', '1.6.4' ]
85 verbose addNamed [ '1.6.4', '1.6.4' ]
86 silly lockFile 6a2ff0ca-ionic-1-6-4 ionic@1.6.4
87 verbose lock ionic@1.6.4 /home/taha/.npm/6a2ff0ca-ionic-1-6-4.lock
88 silly lockFile 9778ecc1--npmjs-org-ionic-ionic-1-6-4-tgz https://registry.npmjs.org/ionic/-/ionic-1.6.4.tgz
89 verbose lock https://registry.npmjs.org/ionic/-/ionic-1.6.4.tgz /home/taha/.npm/9778ecc1--npmjs-org-ionic-ionic-1-6-4-tgz.lock
90 verbose addRemoteTarball [ 'https://registry.npmjs.org/ionic/-/ionic-1.6.4.tgz',
90 verbose addRemoteTarball   '2c0cd94c4316cab206796e44fe67565bf4b883a0' ]
91 info retry fetch attempt 1 at 13:26:16
92 verbose fetch to= /tmp/npm-31814-mtbJcyVN/registry.npmjs.org/ionic/-/ionic-1.6.4.tgz
93 http GET https://registry.npmjs.org/ionic/-/ionic-1.6.4.tgz
94 http 200 https://registry.npmjs.org/bower/-/bower-1.5.2.tgz
95 silly lockFile 60c89777--npmjs-org-bower-bower-1-5-2-tgz https://registry.npmjs.org/bower/-/bower-1.5.2.tgz
96 silly lockFile 60c89777--npmjs-org-bower-bower-1-5-2-tgz https://registry.npmjs.org/bower/-/bower-1.5.2.tgz
97 silly lockFile ee94e6b7-bower-1-5-2 bower@1.5.2
98 silly lockFile ee94e6b7-bower-1-5-2 bower@1.5.2
99 silly lockFile 1240aab1-bower bower@
100 silly lockFile 1240aab1-bower bower@
101 http 200 https://registry.npmjs.org/ionic/-/ionic-1.6.4.tgz
102 silly lockFile 9778ecc1--npmjs-org-ionic-ionic-1-6-4-tgz https://registry.npmjs.org/ionic/-/ionic-1.6.4.tgz
103 silly lockFile 9778ecc1--npmjs-org-ionic-ionic-1-6-4-tgz https://registry.npmjs.org/ionic/-/ionic-1.6.4.tgz
104 silly lockFile 6a2ff0ca-ionic-1-6-4 ionic@1.6.4
105 silly lockFile 6a2ff0ca-ionic-1-6-4 ionic@1.6.4
106 silly lockFile 966fc04a-ionic ionic@
107 silly lockFile 966fc04a-ionic ionic@
108 http 200 https://registry.npmjs.org/cordova
109 silly registry.get cb [ 200,
109 silly registry.get   { server: 'CouchDB/1.5.0 (Erlang OTP/R16B03)',
109 silly registry.get     etag: '"4MYT5B82TKPQKO65ESYBZR1MY"',
109 silly registry.get     'content-type': 'application/json',
109 silly registry.get     'cache-control': 'max-age=60',
109 silly registry.get     'content-length': '355937',
109 silly registry.get     'accept-ranges': 'bytes',
109 silly registry.get     date: 'Fri, 28 Aug 2015 10:26:17 GMT',
109 silly registry.get     via: '1.1 varnish',
109 silly registry.get     age: '0',
109 silly registry.get     connection: 'keep-alive',
109 silly registry.get     'x-served-by': 'cache-ams4126-AMS',
109 silly registry.get     'x-cache': 'HIT',
109 silly registry.get     'x-cache-hits': '1',
109 silly registry.get     'x-timer': 'S1440757576.629032,VS0,VE648',
109 silly registry.get     vary: 'Accept' } ]
110 silly addNameRange number 2 { name: 'cordova', range: '*', hasData: true }
111 silly addNameRange versions [ 'cordova',
111 silly addNameRange   [ '0.0.1',
111 silly addNameRange     '0.0.2',
111 silly addNameRange     '0.0.3',
111 silly addNameRange     '0.0.4',
111 silly addNameRange     '0.0.5',
111 silly addNameRange     '0.0.6',
111 silly addNameRange     '0.0.7',
111 silly addNameRange     '0.0.8',
111 silly addNameRange     '0.0.9',
111 silly addNameRange     '0.1.0',
111 silly addNameRange     '0.1.1',
111 silly addNameRange     '0.1.2',
111 silly addNameRange     '0.1.3',
111 silly addNameRange     '0.1.4',
111 silly addNameRange     '0.1.5',
111 silly addNameRange     '0.1.6',
111 silly addNameRange     '0.1.7',
111 silly addNameRange     '0.1.8',
111 silly addNameRange     '0.1.9',
111 silly addNameRange     '0.1.10',
111 silly addNameRange     '0.1.11',
111 silly addNameRange     '0.1.12',
111 silly addNameRange     '0.1.13',
111 silly addNameRange     '0.1.14',
111 silly addNameRange     '2.2.0',
111 silly addNameRange     '2.3.0',
111 silly addNameRange     '2.3.1',
111 silly addNameRange     '2.3.2',
111 silly addNameRange     '2.3.3',
111 silly addNameRange     '2.3.5',
111 silly addNameRange     '2.3.6',
111 silly addNameRange     '2.4.0',
111 silly addNameRange     '2.4.1',
111 silly addNameRange     '2.4.2',
111 silly addNameRange     '2.4.3',
111 silly addNameRange     '2.4.4',
111 silly addNameRange     '2.4.5',
111 silly addNameRange     '2.4.6',
111 silly addNameRange     '2.4.7',
111 silly addNameRange     '2.4.8',
111 silly addNameRange     '2.4.9',
111 silly addNameRange     '2.4.10',
111 silly addNameRange     '2.5.0',
111 silly addNameRange     '2.5.2',
111 silly addNameRange     '2.5.3',
111 silly addNameRange     '2.5.4',
111 silly addNameRange     '2.5.5',
111 silly addNameRange     '2.6.0',
111 silly addNameRange     '2.6.1',
111 silly addNameRange     '2.6.2',
111 silly addNameRange     '2.7.0-rc.1',
111 silly addNameRange     '2.7.1-rc.1',
111 silly addNameRange     '2.7.2',
111 silly addNameRange     '2.7.3',
111 silly addNameRange     '2.7.4',
111 silly addNameRange     '2.8.0',
111 silly addNameRange     '2.8.1',
111 silly addNameRange     '2.8.2',
111 silly addNameRange     '2.8.3',
111 silly addNameRange     '2.8.4',
111 silly addNameRange     '2.8.5',
111 silly addNameRange     '2.8.6',
111 silly addNameRange     '2.8.7',
111 silly addNameRange     '2.8.8',
111 silly addNameRange     '2.8.9',
111 silly addNameRange     '2.8.10',
111 silly addNameRange     '2.8.11',
111 silly addNameRange     '2.8.12',
111 silly addNameRange     '2.8.13',
111 silly addNameRange     '2.8.14',
111 silly addNameRange     '2.8.15',
111 silly addNameRange     '2.8.16',
111 silly addNameRange     '2.8.17',
111 silly addNameRange     '2.8.18',
111 silly addNameRange     '2.8.19',
111 silly addNameRange     '2.8.20',
111 silly addNameRange     '2.8.21',
111 silly addNameRange     '2.8.22',
111 silly addNameRange     '2.8.23',
111 silly addNameRange     '2.8.24',
111 silly addNameRange     '2.8.25',
111 silly addNameRange     '2.9.0',
111 silly addNameRange     '2.9.1',
111 silly addNameRange     '2.9.2',
111 silly addNameRange     '2.9.3',
111 silly addNameRange     '2.9.4',
111 silly addNameRange     '2.9.5',
111 silly addNameRange     '2.9.6',
111 silly addNameRange     '2.9.7',
111 silly addNameRange     '3.0.0-rc1',
111 silly addNameRange     '3.0.0-rc1-1',
111 silly addNameRange     '3.0.0-rc1-3',
111 silly addNameRange     '3.0.0',
111 silly addNameRange     '3.0.1',
111 silly addNameRange     '3.0.2',
111 silly addNameRange     '3.0.3',
111 silly addNameRange     '3.0.4',
111 silly addNameRange     '3.0.5',
111 silly addNameRange     '3.0.6',
111 silly addNameRange     '3.0.7',
111 silly addNameRange     '3.0.8',
111 silly addNameRange     '3.0.9',
111 silly addNameRange     '3.0.10',
111 silly addNameRange     '3.1.0-0.1.0',
111 silly addNameRange     '3.1.0-0.2.0',
111 silly addNameRange     '3.2.0-rc.1',
111 silly addNameRange     '3.2.0-0.1.0',
111 silly addNameRange     '3.2.0-0.2.0',
111 silly addNameRange     '3.2.0-0.3.0',
111 silly addNameRange     '3.2.0-0.4.0',
111 silly addNameRange     '3.3.0-rc.1',
111 silly addNameRange     '3.3.0-0.1.1',
111 silly addNameRange     '3.3.1-0.1.2',
111 silly addNameRange     '2.9.0-rc1',
111 silly addNameRange     '3.3.1-0.3.0',
111 silly addNameRange     '3.3.1-0.3.1',
111 silly addNameRange     '3.3.1-0.4.1',
111 silly addNameRange     '3.3.1-0.4.2',
111 silly addNameRange     '3.4.0-0.1.0',
111 silly addNameRange     '3.4.0-0.1.1',
111 silly addNameRange     '3.4.0-0.1.2',
111 silly addNameRange     '3.4.0-0.1.3',
111 silly addNameRange     '0.0.0-fake',
111 silly addNameRange     '3.4.1-0.1.0',
111 silly addNameRange     '3.5.0-0.2.0',
111 silly addNameRange     '3.5.0-0.2.1',
111 silly addNameRange     '3.5.0-0.2.2',
111 silly addNameRange     '3.5.0-0.2.3',
111 silly addNameRange     '3.5.0-0.2.4',
111 silly addNameRange     '3.5.0-0.2.6',
111 silly addNameRange     '3.5.0-0.2.7',
111 silly addNameRange     '3.6.0-0.2.8',
111 silly addNameRange     '3.6.0-0.2.9',
111 silly addNameRange     '3.6.1-0.2.10',
111 silly addNameRange     '3.6.3-0.2.11',
111 silly addNameRange     '3.6.3-0.2.12',
111 silly addNameRange     '3.6.3-0.2.13',
111 silly addNameRange     '4.0.0',
111 silly addNameRange     '4.0.1',
111 silly addNameRange     '4.1.0',
111 silly addNameRange     '4.1.1',
111 silly addNameRange     '4.1.2',
111 silly addNameRange     '4.1.3-nightly.2014.10.21',
111 silly addNameRange     '4.2.0',
111 silly addNameRange     '4.3.0',
111 silly addNameRange     '5.0.0',
111 silly addNameRange     '4.3.1',
111 silly addNameRange     '5.1.1',
111 silly addNameRange     '5.2.0' ] ]
112 verbose addNamed [ 'cordova', '5.2.0' ]
113 verbose addNamed [ '5.2.0', '5.2.0' ]
114 silly lockFile c4fce3c5-cordova-5-2-0 cordova@5.2.0
115 verbose lock cordova@5.2.0 /home/taha/.npm/c4fce3c5-cordova-5-2-0.lock
116 silly lockFile a777fc73-js-org-cordova-cordova-5-2-0-tgz https://registry.npmjs.org/cordova/-/cordova-5.2.0.tgz
117 verbose lock https://registry.npmjs.org/cordova/-/cordova-5.2.0.tgz /home/taha/.npm/a777fc73-js-org-cordova-cordova-5-2-0-tgz.lock
118 verbose addRemoteTarball [ 'https://registry.npmjs.org/cordova/-/cordova-5.2.0.tgz',
118 verbose addRemoteTarball   '33aded891bfe15c1835e92b4d9dfd456ecf391f2' ]
119 info retry fetch attempt 1 at 13:26:17
120 verbose fetch to= /tmp/npm-31814-mtbJcyVN/registry.npmjs.org/cordova/-/cordova-5.2.0.tgz
121 http GET https://registry.npmjs.org/cordova/-/cordova-5.2.0.tgz
122 http 200 https://registry.npmjs.org/cordova/-/cordova-5.2.0.tgz
123 silly lockFile a777fc73-js-org-cordova-cordova-5-2-0-tgz https://registry.npmjs.org/cordova/-/cordova-5.2.0.tgz
124 silly lockFile a777fc73-js-org-cordova-cordova-5-2-0-tgz https://registry.npmjs.org/cordova/-/cordova-5.2.0.tgz
125 silly lockFile c4fce3c5-cordova-5-2-0 cordova@5.2.0
126 silly lockFile c4fce3c5-cordova-5-2-0 cordova@5.2.0
127 silly lockFile de8d9fad-cordova cordova@
128 silly lockFile de8d9fad-cordova cordova@
129 silly resolved [ { name: 'bower',
129 silly resolved     version: '1.5.2',
129 silly resolved     description: 'The browser package manager',
129 silly resolved     author: { name: 'Twitter' },
129 silly resolved     license: 'MIT',
129 silly resolved     repository: { type: 'git', url: 'git+https://github.com/bower/bower.git' },
129 silly resolved     main: 'lib',
129 silly resolved     homepage: 'http://bower.io',
129 silly resolved     engines: { node: '>=0.10.0' },
129 silly resolved     dependencies:
129 silly resolved      { abbrev: '^1.0.5',
129 silly resolved        archy: '1.0.0',
129 silly resolved        'bower-config': '^0.6.1',
129 silly resolved        'bower-endpoint-parser': '^0.2.2',
129 silly resolved        'bower-json': '^0.4.0',
129 silly resolved        'bower-logger': '^0.2.2',
129 silly resolved        'bower-registry-client': '^0.3.0',
129 silly resolved        cardinal: '0.4.4',
129 silly resolved        chalk: '^1.0.0',
129 silly resolved        chmodr: '0.1.0',
129 silly resolved        configstore: '^0.3.2',
129 silly resolved        'decompress-zip': '^0.1.0',
129 silly resolved        'deep-sort-object': '~0.1.1',
129 silly resolved        fstream: '^1.0.3',
129 silly resolved        'fstream-ignore': '^1.0.2',
129 silly resolved        github: '^0.2.3',
129 silly resolved        glob: '^4.3.2',
129 silly resolved        'graceful-fs': '^3.0.5',
129 silly resolved        handlebars: '^2.0.0',
129 silly resolved        inquirer: '0.8.0',
129 silly resolved        insight: '^0.5.0',
129 silly resolved        'is-root': '^1.0.0',
129 silly resolved        junk: '^1.0.0',
129 silly resolved        lockfile: '^1.0.0',
129 silly resolved        'lru-cache': '^2.5.0',
129 silly resolved        mkdirp: '0.5.0',
129 silly resolved        mout: '^0.11.0',
129 silly resolved        nopt: '^3.0.1',
129 silly resolved        opn: '^1.0.1',
129 silly resolved        'p-throttler': '0.1.1',
129 silly resolved        promptly: '0.2.0',
129 silly resolved        q: '^1.1.2',
129 silly resolved        request: '2.53.0',
129 silly resolved        'request-progress': '0.3.1',
129 silly resolved        retry: '0.6.1',
129 silly resolved        rimraf: '^2.2.8',
129 silly resolved        semver: '^2.3.0',
129 silly resolved        'shell-quote': '^1.4.2',
129 silly resolved        'stringify-object': '^1.0.0',
129 silly resolved        'tar-fs': '^1.4.1',
129 silly resolved        tmp: '0.0.24',
129 silly resolved        'update-notifier': '^0.3.0',
129 silly resolved        'user-home': '^1.1.0',
129 silly resolved        which: '^1.0.8' },
129 silly resolved     devDependencies:
129 silly resolved      { chai: '^1.10.0',
129 silly resolved        coveralls: '^2.11.2',
129 silly resolved        'expect.js': '^0.3.1',
129 silly resolved        grunt: '^0.4.5',
129 silly resolved        'grunt-cli': '^0.1.13',
129 silly resolved        'grunt-contrib-jshint': '^0.10.0',
129 silly resolved        'grunt-contrib-watch': '^0.6.1',
129 silly resolved        'grunt-exec': '^0.4.6',
129 silly resolved        'grunt-simple-mocha': '^0.4.0',
129 silly resolved        istanbul: '^0.3.5',
129 silly resolved        'load-grunt-tasks': '^2.0.0',
129 silly resolved        mocha: '^2.1.0',
129 silly resolved        multiline: '^1.0.2',
129 silly resolved        nock: '^0.56.0',
129 silly resolved        'node-uuid': '^1.4.2',
129 silly resolved        proxyquire: '^1.3.0',
129 silly resolved        'spawn-sync': '^1.0.5' },
129 silly resolved     scripts: { test: 'grunt test' },
129 silly resolved     bin: { bower: 'bin/bower' },
129 silly resolved     files: [ 'bin', 'lib', 'templates' ],
129 silly resolved     gitHead: '64d990ba102c8491c474dd99605b9a9725e62cbb',
129 silly resolved     bugs: { url: 'https://github.com/bower/bower/issues' },
129 silly resolved     _id: 'bower@1.5.2',
129 silly resolved     _shasum: 'be291d6c36f1740779abff1c61aca5633e265327',
129 silly resolved     _from: 'bower@',
129 silly resolved     _npmVersion: '2.11.3',
129 silly resolved     _nodeVersion: '0.12.7',
129 silly resolved     _npmUser: { name: 'sheerun', email: 'sheerun@sher.pl' },
129 silly resolved     dist:
129 silly resolved      { shasum: 'be291d6c36f1740779abff1c61aca5633e265327',
129 silly resolved        tarball: 'http://registry.npmjs.org/bower/-/bower-1.5.2.tgz' },
129 silly resolved     maintainers: [ [Object], [Object], [Object], [Object], [Object], [Object] ],
129 silly resolved     directories: {},
129 silly resolved     _resolved: 'https://registry.npmjs.org/bower/-/bower-1.5.2.tgz' },
129 silly resolved   { name: 'ionic',
129 silly resolved     version: '1.6.4',
129 silly resolved     preferGlobal: true,
129 silly resolved     description: 'A tool for creating and developing Ionic Framework mobile apps.',
129 silly resolved     homepage: 'http://ionicframework.com/',
129 silly resolved     bin: { ionic: 'bin/ionic' },
129 silly resolved     scripts:
129 silly resolved      { bump: 'node lib/tasks/bumpversion',
129 silly resolved        'beta-bump': 'node lib/tasks/bumpversion --level pre --identifier beta',
129 silly resolved        'publish-release': 'node lib/tasks/bumpversion --npmPublish',
129 silly resolved        'publish-tag': 'node lib/tasks/bumpversion --level beta --npmPublishTag',
129 silly resolved        'full-release': 'node lib/tasks/bumpversion --npmInstall --git --npmPublish',
129 silly resolved        test: 'npm run jasmine',
129 silly resolved        e2e: 'jasmine-node --captureExceptions ./e2e',
129 silly resolved        jasmine: 'jasmine-node --captureExceptions  ./spec' },
129 silly resolved     keywords:
129 silly resolved      [ 'ionic',
129 silly resolved        'ionic framework',
129 silly resolved        'ionicframework',
129 silly resolved        'mobile',
129 silly resolved        'app',
129 silly resolved        'hybrid',
129 silly resolved        'cordova',
129 silly resolved        'phonegap' ],
129 silly resolved     repository:
129 silly resolved      { type: 'git',
129 silly resolved        url: 'git+https://github.com/driftyco/ionic-cli.git' },
129 silly resolved     contributors: [ [Object], [Object], [Object], [Object] ],
129 silly resolved     license: 'MIT',
129 silly resolved     dependencies:
129 silly resolved      { async: '^0.9.0',
129 silly resolved        cheerio: '^0.19.0',
129 silly resolved        'cli-table': '^0.3.1',
129 silly resolved        colors: '0.6.2',
129 silly resolved        connect: '3.1.1',
129 silly resolved        'connect-livereload': '0.5.2',
129 silly resolved        crc: '3.2.1',
129 silly resolved        'cross-spawn': '0.2.3',
129 silly resolved        'event-stream': '3.0.x',
129 silly resolved        finalhandler: '0.2.0',
129 silly resolved        'form-data': '0.1.4',
129 silly resolved        gulp: '3.8.8',
129 silly resolved        'ionic-app-lib': '0.3.8',
129 silly resolved        ncp: '0.4.2',
129 silly resolved        npm: '2.1.3',
129 silly resolved        'opbeat-ionic': '^1.1.3',
129 silly resolved        open: '0.0.5',
129 silly resolved        optimist: '0.6.0',
129 silly resolved        progress: '1.1.7',
129 silly resolved        prompt: '0.2.12',
129 silly resolved        'proxy-middleware': '^0.7.0',
129 silly resolved        q: '1.0.1',
129 silly resolved        request: '2.51.0',
129 silly resolved        semver: '^4.2.0',
129 silly resolved        'serve-static': '1.7.1',
129 silly resolved        shelljs: '0.2.6',
129 silly resolved        'tiny-lr-fork': '0.0.5',
129 silly resolved        underscore: '~1.7.0',
129 silly resolved        unzip: '0.1.9',
129 silly resolved        'vinyl-fs': '0.3.7',
129 silly resolved        xml2js: '0.4.4' },
129 silly resolved     devDependencies: { 'jasmine-node': '^1.14.5' },
129 silly resolved     gitHead: 'd43af1c933e81dc62cd9e0d752a41f827c85bd7f',
129 silly resolved     bugs: { url: 'https://github.com/driftyco/ionic-cli/issues' },
129 silly resolved     _id: 'ionic@1.6.4',
129 silly resolved     _shasum: '2c0cd94c4316cab206796e44fe67565bf4b883a0',
129 silly resolved     _from: 'ionic@',
129 silly resolved     _npmVersion: '2.12.0',
129 silly resolved     _nodeVersion: '0.10.38',
129 silly resolved     _npmUser: { name: 'ericb', email: 'eric@hellouser.net' },
129 silly resolved     dist:
129 silly resolved      { shasum: '2c0cd94c4316cab206796e44fe67565bf4b883a0',
129 silly resolved        tarball: 'http://registry.npmjs.org/ionic/-/ionic-1.6.4.tgz' },
129 silly resolved     maintainers: [ [Object], [Object], [Object], [Object] ],
129 silly resolved     directories: {},
129 silly resolved     _resolved: 'https://registry.npmjs.org/ionic/-/ionic-1.6.4.tgz' },
129 silly resolved   { name: 'cordova',
129 silly resolved     version: '5.2.0',
129 silly resolved     preferGlobal: 'true',
129 silly resolved     description: 'Cordova command line interface tool',
129 silly resolved     main: 'cordova',
129 silly resolved     engines: { node: '>=0.9.9' },
129 silly resolved     engineStrict: true,
129 silly resolved     bin: { cordova: './bin/cordova' },
129 silly resolved     scripts:
129 silly resolved      { test: 'node node_modules/jasmine-node/bin/jasmine-node --captureExceptions --color spec',
129 silly resolved        cover: 'node node_modules/istanbul/lib/cli.js cover --root src --print detail node_modules/jasmine-node/bin/jasmine-node -- spec' },
129 silly resolved     repository:
129 silly resolved      { type: 'git',
129 silly resolved        url: 'https://git-wip-us.apache.org/repos/asf/cordova-cli.git' },
129 silly resolved     bugs:
129 silly resolved      { url: 'https://issues.apache.org/jira/browse/CB',
129 silly resolved        email: 'dev@cordova.apache.org' },
129 silly resolved     keywords: [ 'cordova', 'client', 'cli' ],
129 silly resolved     dependencies:
129 silly resolved      { 'cordova-lib': '5.2.0',
129 silly resolved        q: '1.0.1',
129 silly resolved        nopt: '3.0.1',
129 silly resolved        underscore: '1.7.0' },
129 silly resolved     devDependencies:
129 silly resolved      { istanbul: '^0.3.4',
129 silly resolved        grunt: '0.4.5',
129 silly resolved        'grunt-retire': '0.3.7',
129 silly resolved        'jasmine-node': '1.14.5' },
129 silly resolved     author: { name: 'Anis Kadri' },
129 silly resolved     contributors:
129 silly resolved      [ [Object],
129 silly resolved        [Object],
129 silly resolved        [Object],
129 silly resolved        [Object],
129 silly resolved        [Object],
129 silly resolved        [Object],
129 silly resolved        [Object],
129 silly resolved        [Object],
129 silly resolved        [Object],
129 silly resolved        [Object],
129 silly resolved        [Object],
129 silly resolved        [Object],
129 silly resolved        [Object],
129 silly resolved        [Object],
129 silly resolved        [Object],
129 silly resolved        [Object],
129 silly resolved        [Object],
129 silly resolved        [Object],
129 silly resolved        [Object],
129 silly resolved        [Object],
129 silly resolved        [Object],
129 silly resolved        [Object],
129 silly resolved        [Object],
129 silly resolved        [Object] ],
129 silly resolved     license: 'Apache version 2.0',
129 silly resolved     _id: 'cordova@5.2.0',
129 silly resolved     _shasum: '33aded891bfe15c1835e92b4d9dfd456ecf391f2',
129 silly resolved     _resolved: 'https://registry.npmjs.org/cordova/-/cordova-5.2.0.tgz',
129 silly resolved     _from: 'cordova@',
129 silly resolved     _npmVersion: '2.13.2',
129 silly resolved     _nodeVersion: '0.10.36',
129 silly resolved     _npmUser: { name: 'stevegill', email: 'stevengill97@gmail.com' },
129 silly resolved     dist:
129 silly resolved      { shasum: '33aded891bfe15c1835e92b4d9dfd456ecf391f2',
129 silly resolved        tarball: 'http://registry.npmjs.org/cordova/-/cordova-5.2.0.tgz' },
129 silly resolved     maintainers:
129 silly resolved      [ [Object],
129 silly resolved        [Object],
129 silly resolved        [Object],
129 silly resolved        [Object],
129 silly resolved        [Object],
129 silly resolved        [Object],
129 silly resolved        [Object],
129 silly resolved        [Object],
129 silly resolved        [Object],
129 silly resolved        [Object],
129 silly resolved        [Object],
129 silly resolved        [Object],
129 silly resolved        [Object],
129 silly resolved        [Object],
129 silly resolved        [Object],
129 silly resolved        [Object],
129 silly resolved        [Object] ],
129 silly resolved     directories: {} } ]
130 info install bower@1.5.2 into /usr/lib
131 info install ionic@1.6.4 into /usr/lib
132 info install cordova@5.2.0 into /usr/lib
133 info installOne bower@1.5.2
134 info installOne ionic@1.6.4
135 info installOne cordova@5.2.0
136 verbose lib/node_modules/ionic unbuild
137 verbose lib/node_modules/cordova unbuild
138 verbose lib/node_modules/bower unbuild
139 verbose tar unpack /home/taha/.npm/ionic/1.6.4/package.tgz
140 silly lockFile 02ac979d-tar-usr-lib-node-modules-ionic tar:///usr/lib/node_modules/ionic
141 verbose lock tar:///usr/lib/node_modules/ionic /home/taha/.npm/02ac979d-tar-usr-lib-node-modules-ionic.lock
142 silly lockFile 100cc71a-taha-npm-ionic-1-6-4-package-tgz tar:///home/taha/.npm/ionic/1.6.4/package.tgz
143 verbose lock tar:///home/taha/.npm/ionic/1.6.4/package.tgz /home/taha/.npm/100cc71a-taha-npm-ionic-1-6-4-package-tgz.lock
144 verbose tar unpack /home/taha/.npm/cordova/5.2.0/package.tgz
145 silly lockFile 01c5d05a-tar-usr-lib-node-modules-cordova tar:///usr/lib/node_modules/cordova
146 verbose lock tar:///usr/lib/node_modules/cordova /home/taha/.npm/01c5d05a-tar-usr-lib-node-modules-cordova.lock
147 silly lockFile f4fcaa03-ha-npm-cordova-5-2-0-package-tgz tar:///home/taha/.npm/cordova/5.2.0/package.tgz
148 verbose lock tar:///home/taha/.npm/cordova/5.2.0/package.tgz /home/taha/.npm/f4fcaa03-ha-npm-cordova-5-2-0-package-tgz.lock
149 verbose tar unpack /home/taha/.npm/bower/1.5.2/package.tgz
150 silly lockFile 6f53a3f9-tar-usr-lib-node-modules-bower tar:///usr/lib/node_modules/bower
151 verbose lock tar:///usr/lib/node_modules/bower /home/taha/.npm/6f53a3f9-tar-usr-lib-node-modules-bower.lock
152 silly lockFile a8a47784-taha-npm-bower-1-5-2-package-tgz tar:///home/taha/.npm/bower/1.5.2/package.tgz
153 verbose lock tar:///home/taha/.npm/bower/1.5.2/package.tgz /home/taha/.npm/a8a47784-taha-npm-bower-1-5-2-package-tgz.lock
154 silly gunzTarPerm modes [ '775', '664' ]
155 silly gunzTarPerm modes [ '775', '664' ]
156 silly gunzTarPerm modes [ '775', '664' ]
157 error Error: EACCES, mkdir '/usr/lib/node_modules/ionic'
157 error  { [Error: EACCES, mkdir '/usr/lib/node_modules/ionic']
157 error   errno: 3,
157 error   code: 'EACCES',
157 error   path: '/usr/lib/node_modules/ionic',
157 error   fstream_type: 'Directory',
157 error   fstream_path: '/usr/lib/node_modules/ionic',
157 error   fstream_class: 'DirWriter',
157 error   fstream_stack:
157 error    [ '/usr/lib/node_modules/npm/node_modules/fstream/lib/dir-writer.js:36:23',
157 error      '/usr/lib/node_modules/npm/node_modules/mkdirp/index.js:46:53',
157 error      'Object.oncomplete (fs.js:108:15)' ] }
158 error Please try running this command again as root/Administrator.
159 error System Linux 3.16.0-46-generic
160 error command "/usr/bin/node" "/usr/bin/npm" "install" "-g" "bower" "cordova" "ionic"
161 error cwd /home/taha/Documents/gitrepos/YouPower/frontend
162 error node -v v0.10.40
163 error npm -v 1.4.28
164 error path /usr/lib/node_modules/ionic
165 error fstream_path /usr/lib/node_modules/ionic
166 error fstream_type Directory
167 error fstream_class DirWriter
168 error code EACCES
169 error errno 3
170 error stack Error: EACCES, mkdir '/usr/lib/node_modules/ionic'
171 error fstream_stack /usr/lib/node_modules/npm/node_modules/fstream/lib/dir-writer.js:36:23
171 error fstream_stack /usr/lib/node_modules/npm/node_modules/mkdirp/index.js:46:53
171 error fstream_stack Object.oncomplete (fs.js:108:15)
172 verbose exit [ 3, true ]
